CRITICAL - 2022-05-27 08:34:42 --> Allowed fields must be specified for model: App\Models\StudentModel
#0 D:\xampp\htdocs\trial\system\BaseModel.php(1138): CodeIgniter\Database\Exceptions\DataException::forInvalidAllowedFields('App\\Models\\Stud...')
#1 D:\xampp\htdocs\trial\system\BaseModel.php(713): CodeIgniter\BaseModel->doProtectFields(Array)
#2 D:\xampp\htdocs\trial\system\Model.php(625): CodeIgniter\BaseModel->insert(Array, true)
#3 D:\xampp\htdocs\trial\app\Controllers\StudentController.php(33): CodeIgniter\Model->insert(Array)
#4 D:\xampp\htdocs\trial\system\CodeIgniter.php(832): App\Controllers\StudentController->add_record()
#5 D:\xampp\htdocs\trial\system\CodeIgniter.php(419): CodeIgniter\CodeIgniter->runController(Object(App\Controllers\StudentController))
#6 D:\xampp\htdocs\trial\system\CodeIgniter.php(326): CodeIgniter\CodeIgniter->handleRequest(NULL, Object(Config\Cache), false)
#7 D:\xampp\htdocs\trial\index.php(37): CodeIgniter\CodeIgniter->run()
#8 {main}
CRITICAL - 2022-05-27 10:24:30 --> Call to undefined function set_value()
#0 D:\xampp\htdocs\trial\system\View\View.php(210): include()
#1 D:\xampp\htdocs\trial\system\View\View.php(213): CodeIgniter\View\View->CodeIgniter\View\{closure}()
#2 D:\xampp\htdocs\trial\system\Common.php(1089): CodeIgniter\View\View->render('student/add_stu...', Array, true)
#3 D:\xampp\htdocs\trial\app\Controllers\StudentController.php(20): view('student/add_stu...')
#4 D:\xampp\htdocs\trial\system\CodeIgniter.php(832): App\Controllers\StudentController->create()
#5 D:\xampp\htdocs\trial\system\CodeIgniter.php(419): CodeIgniter\CodeIgniter->runController(Object(App\Controllers\StudentController))
#6 D:\xampp\htdocs\trial\system\CodeIgniter.php(326): CodeIgniter\CodeIgniter->handleRequest(NULL, Object(Config\Cache), false)
#7 D:\xampp\htdocs\trial\index.php(37): CodeIgniter\CodeIgniter->run()
#8 {main}
CRITICAL - 2022-05-27 10:27:42 --> Call to undefined function set_value()
#0 D:\xampp\htdocs\trial\system\View\View.php(210): include()
#1 D:\xampp\htdocs\trial\system\View\View.php(213): CodeIgniter\View\View->CodeIgniter\View\{closure}()
#2 D:\xampp\htdocs\trial\system\Common.php(1089): CodeIgniter\View\View->render('student/add_stu...', Array, true)
#3 D:\xampp\htdocs\trial\app\Controllers\StudentController.php(20): view('student/add_stu...')
#4 D:\xampp\htdocs\trial\system\CodeIgniter.php(832): App\Controllers\StudentController->create()
#5 D:\xampp\htdocs\trial\system\CodeIgniter.php(419): CodeIgniter\CodeIgniter->runController(Object(App\Controllers\StudentController))
#6 D:\xampp\htdocs\trial\system\CodeIgniter.php(326): CodeIgniter\CodeIgniter->handleRequest(NULL, Object(Config\Cache), false)
#7 D:\xampp\htdocs\trial\index.php(37): CodeIgniter\CodeIgniter->run()
#8 {main}
CRITICAL - 2022-05-27 10:28:32 --> Call to undefined function set_value()
#0 D:\xampp\htdocs\trial\system\View\View.php(210): include()
#1 D:\xampp\htdocs\trial\system\View\View.php(213): CodeIgniter\View\View->CodeIgniter\View\{closure}()
#2 D:\xampp\htdocs\trial\system\Common.php(1089): CodeIgniter\View\View->render('student/add_stu...', Array, true)
#3 D:\xampp\htdocs\trial\app\Controllers\StudentController.php(20): view('student/add_stu...')
#4 D:\xampp\htdocs\trial\system\CodeIgniter.php(832): App\Controllers\StudentController->create()
#5 D:\xampp\htdocs\trial\system\CodeIgniter.php(419): CodeIgniter\CodeIgniter->runController(Object(App\Controllers\StudentController))
#6 D:\xampp\htdocs\trial\system\CodeIgniter.php(326): CodeIgniter\CodeIgniter->handleRequest(NULL, Object(Config\Cache), false)
#7 D:\xampp\htdocs\trial\index.php(37): CodeIgniter\CodeIgniter->run()
#8 {main}
CRITICAL - 2022-05-27 10:33:24 --> Call to a member function library() on null
#0 D:\xampp\htdocs\trial\system\CodeIgniter.php(809): App\Controllers\StudentController->__construct()
#1 D:\xampp\htdocs\trial\system\CodeIgniter.php(410): CodeIgniter\CodeIgniter->createController()
#2 D:\xampp\htdocs\trial\system\CodeIgniter.php(326): CodeIgniter\CodeIgniter->handleRequest(NULL, Object(Config\Cache), false)
#3 D:\xampp\htdocs\trial\index.php(37): CodeIgniter\CodeIgniter->run()
#4 {main}
CRITICAL - 2022-05-27 10:33:44 --> Call to undefined function set_value()
#0 D:\xampp\htdocs\trial\system\View\View.php(210): include()
#1 D:\xampp\htdocs\trial\system\View\View.php(213): CodeIgniter\View\View->CodeIgniter\View\{closure}()
#2 D:\xampp\htdocs\trial\system\Common.php(1089): CodeIgniter\View\View->render('student/add_stu...', Array, true)
#3 D:\xampp\htdocs\trial\app\Controllers\StudentController.php(21): view('student/add_stu...')
#4 D:\xampp\htdocs\trial\system\CodeIgniter.php(832): App\Controllers\StudentController->create()
#5 D:\xampp\htdocs\trial\system\CodeIgniter.php(419): CodeIgniter\CodeIgniter->runController(Object(App\Controllers\StudentController))
#6 D:\xampp\htdocs\trial\system\CodeIgniter.php(326): CodeIgniter\CodeIgniter->handleRequest(NULL, Object(Config\Cache), false)
#7 D:\xampp\htdocs\trial\index.php(37): CodeIgniter\CodeIgniter->run()
#8 {main}
ERROR - 2022-05-27 10:51:13 --> Unknown column 'field' in 'where clause'
CRITICAL - 2022-05-27 10:51:13 --> Call to a member function getRow() on bool
#0 D:\xampp\htdocs\trial\system\Validation\Validation.php(292): CodeIgniter\Validation\Rules->is_unique('simran@gmail.co...', 'field', Array, NULL)
#1 D:\xampp\htdocs\trial\system\Validation\Validation.php(157): CodeIgniter\Validation\Validation->processRules('email', 'email', 'simran@gmail.co...', Array, Array)
#2 D:\xampp\htdocs\trial\system\Controller.php(160): CodeIgniter\Validation\Validation->run()
#3 D:\xampp\htdocs\trial\app\Controllers\StudentController.php(31): CodeIgniter\Controller->validate(Array)
#4 D:\xampp\htdocs\trial\system\CodeIgniter.php(832): App\Controllers\StudentController->add_record()
#5 D:\xampp\htdocs\trial\system\CodeIgniter.php(419): CodeIgniter\CodeIgniter->runController(Object(App\Controllers\StudentController))
#6 D:\xampp\htdocs\trial\system\CodeIgniter.php(326): CodeIgniter\CodeIgniter->handleRequest(NULL, Object(Config\Cache), false)
#7 D:\xampp\htdocs\trial\index.php(37): CodeIgniter\CodeIgniter->run()
#8 {main}
ERROR - 2022-05-27 10:53:00 --> Unknown column 'field' in 'where clause'
CRITICAL - 2022-05-27 10:53:00 --> Call to a member function getRow() on bool
#0 D:\xampp\htdocs\trial\system\Validation\Validation.php(292): CodeIgniter\Validation\Rules->is_unique('simran@gmail.co...', 'field', Array, NULL)
#1 D:\xampp\htdocs\trial\system\Validation\Validation.php(157): CodeIgniter\Validation\Validation->processRules('email', 'email', 'simran@gmail.co...', Array, Array)
#2 D:\xampp\htdocs\trial\system\Controller.php(160): CodeIgniter\Validation\Validation->run()
#3 D:\xampp\htdocs\trial\app\Controllers\StudentController.php(31): CodeIgniter\Controller->validate(Array)
#4 D:\xampp\htdocs\trial\system\CodeIgniter.php(832): App\Controllers\StudentController->add_record()
#5 D:\xampp\htdocs\trial\system\CodeIgniter.php(419): CodeIgniter\CodeIgniter->runController(Object(App\Controllers\StudentController))
#6 D:\xampp\htdocs\trial\system\CodeIgniter.php(326): CodeIgniter\CodeIgniter->handleRequest(NULL, Object(Config\Cache), false)
#7 D:\xampp\htdocs\trial\index.php(37): CodeIgniter\CodeIgniter->run()
#8 {main}
ERROR - 2022-05-27 10:53:15 --> Unknown column 'field' in 'where clause'
CRITICAL - 2022-05-27 10:53:15 --> Call to a member function getRow() on bool
#0 D:\xampp\htdocs\trial\system\Validation\Validation.php(292): CodeIgniter\Validation\Rules->is_unique('simra@gmail.com', 'field', Array, NULL)
#1 D:\xampp\htdocs\trial\system\Validation\Validation.php(157): CodeIgniter\Validation\Validation->processRules('email', 'email', 'simra@gmail.com', Array, Array)
#2 D:\xampp\htdocs\trial\system\Controller.php(160): CodeIgniter\Validation\Validation->run()
#3 D:\xampp\htdocs\trial\app\Controllers\StudentController.php(31): CodeIgniter\Controller->validate(Array)
#4 D:\xampp\htdocs\trial\system\CodeIgniter.php(832): App\Controllers\StudentController->add_record()
#5 D:\xampp\htdocs\trial\system\CodeIgniter.php(419): CodeIgniter\CodeIgniter->runController(Object(App\Controllers\StudentController))
#6 D:\xampp\htdocs\trial\system\CodeIgniter.php(326): CodeIgniter\CodeIgniter->handleRequest(NULL, Object(Config\Cache), false)
#7 D:\xampp\htdocs\trial\index.php(37): CodeIgniter\CodeIgniter->run()
#8 {main}
